<?xml version="1.0" encoding="UTF-8"?>
<!-- Generated by org.testng.reporters.JUnitXMLReporter -->
<testsuite hostname="m-C02WP2KXHTD5" ignored="0" name="Command line test" tests="2" failures="0" timestamp="18 Sep 2019 06:51:20 GMT" time="6.243" errors="0">
  <testcase name="promotionTest" time="3.714" classname="com.amazinKart.promotions.PromotionManagerTest"/>
  <testcase name="promotionTestwhenPromotionnotExist" time="2.508" classname="com.amazinKart.promotions.PromotionManagerTest"/>
</testsuite> <!-- Command line test -->
