<?xml version="1.0" encoding="UTF-8"?>
<testng-results skipped="0" failed="0" ignored="0" total="2" passed="2">
  <reporter-output>
  </reporter-output>
  <suite name="com.amazinKart.promotions.PromotionManagerTest" duration-ms="6243" started-at="2019-09-18T06:51:13Z" finished-at="2019-09-18T06:51:19Z">
    <groups>
    </groups>
    <test name="Command line test" duration-ms="6243" started-at="2019-09-18T06:51:13Z" finished-at="2019-09-18T06:51:19Z">
      <class name="com.amazinKart.promotions.PromotionManagerTest">
        <test-method status="PASS" signature="promotionTest()[pri:0, instance:com.amazinKart.promotions.PromotionManagerTest@4d50efb8]" name="promotionTest" duration-ms="3714" started-at="2019-09-18T06:51:13Z" finished-at="2019-09-18T06:51:17Z">
          <reporter-output>
          </reporter-output>
        </test-method> <!-- promotionTest -->
        <test-method status="PASS" signature="promotionTestwhenPromotionnotExist()[pri:0, instance:com.amazinKart.promotions.PromotionManagerTest@4d50efb8]" name="promotionTestwhenPromotionnotExist" duration-ms="2508" started-at="2019-09-18T06:51:17Z" finished-at="2019-09-18T06:51:19Z">
          <exception class="com.amazinKart.promotions.exception.PromotionException">
            <full-stacktrace>
              <![CDATA[BadRequestException [body=promotion Set prom0 does not exist]
at com.amazinKart.promotions.factory.PromotionSetFactory.getInstance(PromotionSetFactory.java:17)
at com.amazinKart.promotions.manager.PromotionManager.promotion(PromotionManager.java:23)
at com.amazinKart.promotions.PromotionManagerTest.promotionTestwhenPromotionnotExist(PromotionManagerTest.java:17)
at sun.reflect.NativeMethodAccessorImpl.invoke0(Native Method)
at sun.reflect.NativeMethodAccessorImpl.invoke(NativeMethodAccessorImpl.java:62)
at sun.reflect.DelegatingMethodAccessorImpl.invoke(DelegatingMethodAccessorImpl.java:43)
at java.lang.reflect.Method.invoke(Method.java:498)
at org.testng.internal.MethodInvocationHelper.invokeMethod(MethodInvocationHelper.java:124)
at org.testng.internal.Invoker.invokeMethod(Invoker.java:583)
at org.testng.internal.Invoker.invokeTestMethod(Invoker.java:719)
at org.testng.internal.Invoker.invokeTestMethods(Invoker.java:989)
at org.testng.internal.TestMethodWorker.invokeTestMethods(TestMethodWorker.java:125)
at org.testng.internal.TestMethodWorker.run(TestMethodWorker.java:109)
at org.testng.TestRunner.privateRun(TestRunner.java:648)
at org.testng.TestRunner.run(TestRunner.java:505)
at org.testng.SuiteRunner.runTest(SuiteRunner.java:455)
at org.testng.SuiteRunner.runSequentially(SuiteRunner.java:450)
at org.testng.SuiteRunner.privateRun(SuiteRunner.java:415)
at org.testng.SuiteRunner.run(SuiteRunner.java:364)
at org.testng.SuiteRunnerWorker.runSuite(SuiteRunnerWorker.java:52)
at org.testng.SuiteRunnerWorker.run(SuiteRunnerWorker.java:84)
at org.testng.TestNG.runSuitesSequentially(TestNG.java:1208)
at org.testng.TestNG.runSuitesLocally(TestNG.java:1137)
at org.testng.TestNG.runSuites(TestNG.java:1049)
at org.testng.TestNG.run(TestNG.java:1017)
at org.apache.maven.surefire.testng.TestNGExecutor.run(TestNGExecutor.java:77)
at org.apache.maven.surefire.testng.TestNGDirectoryTestSuite.execute(TestNGDirectoryTestSuite.java:110)
at org.apache.maven.surefire.testng.TestNGProvider.invoke(TestNGProvider.java:106)
at sun.reflect.NativeMethodAccessorImpl.invoke0(Native Method)
at sun.reflect.NativeMethodAccessorImpl.invoke(NativeMethodAccessorImpl.java:62)
at sun.reflect.DelegatingMethodAccessorImpl.invoke(DelegatingMethodAccessorImpl.java:43)
at java.lang.reflect.Method.invoke(Method.java:498)
at org.apache.maven.surefire.util.ReflectionUtils.invokeMethodWithArray(ReflectionUtils.java:189)
at org.apache.maven.surefire.booter.ProviderFactory$ProviderProxy.invoke(ProviderFactory.java:165)
at org.apache.maven.surefire.booter.ProviderFactory.invokeProvider(ProviderFactory.java:85)
at org.apache.maven.surefire.booter.ForkedBooter.runSuitesInProcess(ForkedBooter.java:115)
at org.apache.maven.surefire.booter.ForkedBooter.main(ForkedBooter.java:75)
]]>
            </full-stacktrace>
          </exception> <!-- com.amazinKart.promotions.exception.PromotionException -->
          <reporter-output>
          </reporter-output>
        </test-method> <!-- promotionTestwhenPromotionnotExist -->
      </class> <!-- com.amazinKart.promotions.PromotionManagerTest -->
    </test> <!-- Command line test -->
  </suite> <!-- com.amazinKart.promotions.PromotionManagerTest -->
</testng-results>
